<?xml version="1.0" encoding="UTF-8"?>
<testsuite name="AddressBookTest" tests="1" skipped="0" failures="0" errors="0" timestamp="2021-08-21T03:29:36" hostname="LAPTOP-QHGU1R2U" time="0.039">
  <properties/>
  <testcase name="givenContactDetails()" classname="AddressBookTest" time="0.039"/>
  <system-out><![CDATA[]]></system-out>
  <system-err><![CDATA[]]></system-err>
</testsuite>
